This file contains any messages produced by compilers while
running configure, to aid debugging if configure makes a mistake.

It was created by eagle configure 1.0, which was
generated by GNU Autoconf 2.69.  Invocation command line was

  $ ./configure 

## --------- ##
## Platform. ##
## --------- ##

hostname = 94ivan
uname -m = x86_64
uname -r = 2.6.32-358.6.2.el6.x86_64
uname -s = Linux
uname -v = #1 SMP Thu May 16 20:59:36 UTC 2013

/usr/bin/uname -p = unknown
/bin/uname -X     = unknown

/bin/arch              = x86_64
/usr/bin/arch -k       = unknown
/usr/convex/getsysinfo = unknown
/usr/bin/hostinfo      = unknown
/bin/machine           = unknown
/usr/bin/oslevel       = unknown
/bin/universe          = unknown

PATH: /usr/local/bin
PATH: /bin
PATH: /usr/bin
PATH: /usr/local/sbin
PATH: /usr/sbin
PATH: /sbin
PATH: /usr/local/sbin
PATH: /usr/sbin
PATH: /sbin
PATH: /home/ivan/bin


## ----------- ##
## Core tests. ##
## ----------- ##

configure:2563: checking for a BSD-compatible install
configure:2631: result: /usr/bin/install -c
configure:2642: checking whether build environment is sane
configure:2692: result: yes
configure:2833: checking for a thread-safe mkdir -p
configure:2872: result: /bin/mkdir -p
configure:2885: checking for gawk
configure:2901: found /bin/gawk
configure:2912: result: gawk
configure:2923: checking whether make sets $(MAKE)
configure:2945: result: yes
configure:3089: checking for g++
configure:3105: found /usr/bin/g++
configure:3116: result: g++
configure:3143: checking for C++ compiler version
configure:3152: g++ --version >&5
g++ (GCC) 4.4.7 20120313 (Red Hat 4.4.7-4)
Copyright (C) 2010 Free Software Foundation, Inc.
This is free software; see the source for copying conditions.  There is NO
warranty; not even for MERCHANTABILITY or FITNESS FOR A PARTICULAR PURPOSE.

configure:3163: $? = 0
configure:3152: g++ -v >&5
Using built-in specs.
Target: x86_64-redhat-linux
Configured with: ../configure --prefix=/usr --mandir=/usr/share/man --infodir=/usr/share/info --with-bugurl=http://bugzilla.redhat.com/bugzilla --enable-bootstrap --enable-shared --enable-threads=posix --enable-checking=release --with-system-zlib --enable-__cxa_atexit --disable-libunwind-exceptions --enable-gnu-unique-object --enable-languages=c,c++,objc,obj-c++,java,fortran,ada --enable-java-awt=gtk --disable-dssi --with-java-home=/usr/lib/jvm/java-1.5.0-gcj-1.5.0.0/jre --enable-libgcj-multifile --enable-java-maintainer-mode --with-ecj-jar=/usr/share/java/eclipse-ecj.jar --disable-libjava-multilib --with-ppl --with-cloog --with-tune=generic --with-arch_32=i686 --build=x86_64-redhat-linux
Thread model: posix
gcc version 4.4.7 20120313 (Red Hat 4.4.7-4) (GCC) 
configure:3163: $? = 0
configure:3152: g++ -V >&5
g++: '-V' option must have argument
configure:3163: $? = 1
configure:3152: g++ -qversion >&5
g++: unrecognized option '-qversion'
g++: no input files
configure:3163: $? = 1
configure:3183: checking whether the C++ compiler works
configure:3205: g++    conftest.cpp  >&5
configure:3209: $? = 0
configure:3257: result: yes
configure:3260: checking for C++ compiler default output file name
configure:3262: result: a.out
configure:3268: checking for suffix of executables
configure:3275: g++ -o conftest    conftest.cpp  >&5
configure:3279: $? = 0
configure:3301: result: 
configure:3323: checking whether we are cross compiling
configure:3331: g++ -o conftest    conftest.cpp  >&5
configure:3335: $? = 0
configure:3342: ./conftest
configure:3346: $? = 0
configure:3361: result: no
configure:3366: checking for suffix of object files
configure:3388: g++ -c   conftest.cpp >&5
configure:3392: $? = 0
configure:3413: result: o
configure:3417: checking whether we are using the GNU C++ compiler
configure:3436: g++ -c   conftest.cpp >&5
configure:3436: $? = 0
configure:3445: result: yes
configure:3454: checking whether g++ accepts -g
configure:3474: g++ -c -g  conftest.cpp >&5
configure:3474: $? = 0
configure:3515: result: yes
configure:3549: checking for style of include used by make
configure:3577: result: GNU
configure:3602: checking dependency style of g++
configure:3712: result: gcc3
configure:3770: checking for ranlib
configure:3786: found /usr/bin/ranlib
configure:3797: result: ranlib
configure:3848: checking build system type
configure:3862: result: x86_64-unknown-linux-gnu
configure:3882: checking host system type
configure:3895: result: x86_64-unknown-linux-gnu
configure:3963: checking for gcc
configure:3979: found /usr/bin/gcc
configure:3990: result: gcc
configure:4219: checking for C compiler version
configure:4228: gcc --version >&5
gcc (GCC) 4.4.7 20120313 (Red Hat 4.4.7-4)
Copyright (C) 2010 Free Software Foundation, Inc.
This is free software; see the source for copying conditions.  There is NO
warranty; not even for MERCHANTABILITY or FITNESS FOR A PARTICULAR PURPOSE.

configure:4239: $? = 0
configure:4228: gcc -v >&5
Using built-in specs.
Target: x86_64-redhat-linux
Configured with: ../configure --prefix=/usr --mandir=/usr/share/man --infodir=/usr/share/info --with-bugurl=http://bugzilla.redhat.com/bugzilla --enable-bootstrap --enable-shared --enable-threads=posix --enable-checking=release --with-system-zlib --enable-__cxa_atexit --disable-libunwind-exceptions --enable-gnu-unique-object --enable-languages=c,c++,objc,obj-c++,java,fortran,ada --enable-java-awt=gtk --disable-dssi --with-java-home=/usr/lib/jvm/java-1.5.0-gcj-1.5.0.0/jre --enable-libgcj-multifile --enable-java-maintainer-mode --with-ecj-jar=/usr/share/java/eclipse-ecj.jar --disable-libjava-multilib --with-ppl --with-cloog --with-tune=generic --with-arch_32=i686 --build=x86_64-redhat-linux
Thread model: posix
gcc version 4.4.7 20120313 (Red Hat 4.4.7-4) (GCC) 
configure:4239: $? = 0
configure:4228: gcc -V >&5
gcc: '-V' option must have argument
configure:4239: $? = 1
configure:4228: gcc -qversion >&5
gcc: unrecognized option '-qversion'
gcc: no input files
configure:4239: $? = 1
configure:4243: checking whether we are using the GNU C compiler
configure:4262: gcc -c   conftest.c >&5
configure:4262: $? = 0
configure:4271: result: yes
configure:4280: checking whether gcc accepts -g
configure:4300: gcc -c -g  conftest.c >&5
configure:4300: $? = 0
configure:4341: result: yes
configure:4358: checking for gcc option to accept ISO C89
configure:4421: gcc  -c -g -O2  conftest.c >&5
configure:4421: $? = 0
configure:4434: result: none needed
configure:4456: checking dependency style of gcc
configure:4566: result: gcc3
configure:4581: checking for a sed that does not truncate output
configure:4645: result: /bin/sed
configure:4663: checking for grep that handles long lines and -e
configure:4721: result: /bin/grep
configure:4726: checking for egrep
configure:4788: result: /bin/grep -E
configure:4793: checking for fgrep
configure:4855: result: /bin/grep -F
configure:4890: checking for ld used by gcc
configure:4957: result: /usr/bin/ld
configure:4964: checking if the linker (/usr/bin/ld) is GNU ld
configure:4979: result: yes
configure:4991: checking for BSD- or MS-compatible name lister (nm)
configure:5040: result: /usr/bin/nm -B
configure:5158: checking the name lister (/usr/bin/nm -B) interface
configure:5165: gcc -c -g -O2  conftest.c >&5
configure:5168: /usr/bin/nm -B "conftest.o"
configure:5171: output
0000000000000000 B some_variable
configure:5178: result: BSD nm
configure:5181: checking whether ln -s works
configure:5185: result: yes
configure:5193: checking the maximum length of command line arguments
configure:5313: result: 1966080
configure:5330: checking whether the shell understands some XSI constructs
configure:5340: result: yes
configure:5344: checking whether the shell understands "+="
configure:5350: result: yes
configure:5385: checking for /usr/bin/ld option to reload object files
configure:5392: result: -r
configure:5461: checking for objdump
configure:5477: found /usr/bin/objdump
configure:5488: result: objdump
configure:5520: checking how to recognize dependent libraries
configure:5716: result: pass_all
configure:5776: checking for ar
configure:5792: found /usr/bin/ar
configure:5803: result: ar
configure:5881: checking for strip
configure:5897: found /usr/bin/strip
configure:5908: result: strip
configure:5980: checking for ranlib
configure:6007: result: ranlib
configure:6097: checking command to parse /usr/bin/nm -B output from gcc object
configure:6215: gcc -c -g -O2  conftest.c >&5
configure:6218: $? = 0
configure:6222: /usr/bin/nm -B conftest.o \| sed -n -e 's/^.*[	 ]\([ABCDGIRSTW][ABCDGIRSTW]*\)[	 ][	 ]*\([_A-Za-z][_A-Za-z0-9]*\)$/\1 \2 \2/p' \> conftest.nm
configure:6225: $? = 0
configure:6279: gcc -o conftest -g -O2   conftest.c conftstm.o >&5
configure:6282: $? = 0
configure:6320: result: ok
configure:6416: gcc -c -g -O2  conftest.c >&5
configure:6419: $? = 0
configure:7129: checking how to run the C preprocessor
configure:7160: gcc -E  conftest.c
configure:7160: $? = 0
configure:7174: gcc -E  conftest.c
conftest.c:11:28: error: ac_nonexistent.h: No such file or directory
configure:7174: $? = 1
configure: failed program was:
| /* confdefs.h */
| #define PACKAGE_NAME "eagle"
| #define PACKAGE_TARNAME "eagle"
| #define PACKAGE_VERSION "1.0"
| #define PACKAGE_STRING "eagle 1.0"
| #define PACKAGE_BUGREPORT "228268157@qq.com"
| #define PACKAGE_URL ""
| #define PACKAGE "eagle"
| #define VERSION "1.0-beta"
| /* end confdefs.h.  */
| #include <ac_nonexistent.h>
configure:7199: result: gcc -E
configure:7219: gcc -E  conftest.c
configure:7219: $? = 0
configure:7233: gcc -E  conftest.c
conftest.c:11:28: error: ac_nonexistent.h: No such file or directory
configure:7233: $? = 1
configure: failed program was:
| /* confdefs.h */
| #define PACKAGE_NAME "eagle"
| #define PACKAGE_TARNAME "eagle"
| #define PACKAGE_VERSION "1.0"
| #define PACKAGE_STRING "eagle 1.0"
| #define PACKAGE_BUGREPORT "228268157@qq.com"
| #define PACKAGE_URL ""
| #define PACKAGE "eagle"
| #define VERSION "1.0-beta"
| /* end confdefs.h.  */
| #include <ac_nonexistent.h>
configure:7262: checking for ANSI C header files
configure:7282: gcc -c -g -O2  conftest.c >&5
configure:7282: $? = 0
configure:7355: gcc -o conftest -g -O2   conftest.c  >&5
configure:7355: $? = 0
configure:7355: ./conftest
configure:7355: $? = 0
configure:7366: result: yes
configure:7379: checking for sys/types.h
configure:7379: gcc -c -g -O2  conftest.c >&5
configure:7379: $? = 0
configure:7379: result: yes
configure:7379: checking for sys/stat.h
configure:7379: gcc -c -g -O2  conftest.c >&5
configure:7379: $? = 0
configure:7379: result: yes
configure:7379: checking for stdlib.h
configure:7379: gcc -c -g -O2  conftest.c >&5
configure:7379: $? = 0
configure:7379: result: yes
configure:7379: checking for string.h
configure:7379: gcc -c -g -O2  conftest.c >&5
configure:7379: $? = 0
configure:7379: result: yes
configure:7379: checking for memory.h
configure:7379: gcc -c -g -O2  conftest.c >&5
configure:7379: $? = 0
configure:7379: result: yes
configure:7379: checking for strings.h
configure:7379: gcc -c -g -O2  conftest.c >&5
configure:7379: $? = 0
configure:7379: result: yes
configure:7379: checking for inttypes.h
configure:7379: gcc -c -g -O2  conftest.c >&5
configure:7379: $? = 0
configure:7379: result: yes
configure:7379: checking for stdint.h
configure:7379: gcc -c -g -O2  conftest.c >&5
configure:7379: $? = 0
configure:7379: result: yes
configure:7379: checking for unistd.h
configure:7379: gcc -c -g -O2  conftest.c >&5
configure:7379: $? = 0
configure:7379: result: yes
configure:7393: checking for dlfcn.h
configure:7393: gcc -c -g -O2  conftest.c >&5
configure:7393: $? = 0
configure:7393: result: yes
configure:7518: checking for C++ compiler version
configure:7527: g++ --version >&5
g++ (GCC) 4.4.7 20120313 (Red Hat 4.4.7-4)
Copyright (C) 2010 Free Software Foundation, Inc.
This is free software; see the source for copying conditions.  There is NO
warranty; not even for MERCHANTABILITY or FITNESS FOR A PARTICULAR PURPOSE.

configure:7538: $? = 0
configure:7527: g++ -v >&5
Using built-in specs.
Target: x86_64-redhat-linux
Configured with: ../configure --prefix=/usr --mandir=/usr/share/man --infodir=/usr/share/info --with-bugurl=http://bugzilla.redhat.com/bugzilla --enable-bootstrap --enable-shared --enable-threads=posix --enable-checking=release --with-system-zlib --enable-__cxa_atexit --disable-libunwind-exceptions --enable-gnu-unique-object --enable-languages=c,c++,objc,obj-c++,java,fortran,ada --enable-java-awt=gtk --disable-dssi --with-java-home=/usr/lib/jvm/java-1.5.0-gcj-1.5.0.0/jre --enable-libgcj-multifile --enable-java-maintainer-mode --with-ecj-jar=/usr/share/java/eclipse-ecj.jar --disable-libjava-multilib --with-ppl --with-cloog --with-tune=generic --with-arch_32=i686 --build=x86_64-redhat-linux
Thread model: posix
gcc version 4.4.7 20120313 (Red Hat 4.4.7-4) (GCC) 
configure:7538: $? = 0
configure:7527: g++ -V >&5
g++: '-V' option must have argument
configure:7538: $? = 1
configure:7527: g++ -qversion >&5
g++: unrecognized option '-qversion'
g++: no input files
configure:7538: $? = 1
configure:7542: checking whether we are using the GNU C++ compiler
configure:7570: result: yes
configure:7579: checking whether g++ accepts -g
configure:7640: result: yes
configure:7665: checking dependency style of g++
configure:7775: result: gcc3
configure:7798: checking how to run the C++ preprocessor
configure:7825: g++ -E  conftest.cpp
configure:7825: $? = 0
configure:7839: g++ -E  conftest.cpp
conftest.cpp:22:28: error: ac_nonexistent.h: No such file or directory
configure:7839: $? = 1
configure: failed program was:
| /* confdefs.h */
| #define PACKAGE_NAME "eagle"
| #define PACKAGE_TARNAME "eagle"
| #define PACKAGE_VERSION "1.0"
| #define PACKAGE_STRING "eagle 1.0"
| #define PACKAGE_BUGREPORT "228268157@qq.com"
| #define PACKAGE_URL ""
| #define PACKAGE "eagle"
| #define VERSION "1.0-beta"
| #define STDC_HEADERS 1
| #define HAVE_SYS_TYPES_H 1
| #define HAVE_SYS_STAT_H 1
| #define HAVE_STDLIB_H 1
| #define HAVE_STRING_H 1
| #define HAVE_MEMORY_H 1
| #define HAVE_STRINGS_H 1
| #define HAVE_INTTYPES_H 1
| #define HAVE_STDINT_H 1
| #define HAVE_UNISTD_H 1
| #define HAVE_DLFCN_H 1
| /* end confdefs.h.  */
| #include <ac_nonexistent.h>
configure:7864: result: g++ -E
configure:7884: g++ -E  conftest.cpp
configure:7884: $? = 0
configure:7898: g++ -E  conftest.cpp
conftest.cpp:22:28: error: ac_nonexistent.h: No such file or directory
configure:7898: $? = 1
configure: failed program was:
| /* confdefs.h */
| #define PACKAGE_NAME "eagle"
| #define PACKAGE_TARNAME "eagle"
| #define PACKAGE_VERSION "1.0"
| #define PACKAGE_STRING "eagle 1.0"
| #define PACKAGE_BUGREPORT "228268157@qq.com"
| #define PACKAGE_URL ""
| #define PACKAGE "eagle"
| #define VERSION "1.0-beta"
| #define STDC_HEADERS 1
| #define HAVE_SYS_TYPES_H 1
| #define HAVE_SYS_STAT_H 1
| #define HAVE_STDLIB_H 1
| #define HAVE_STRING_H 1
| #define HAVE_MEMORY_H 1
| #define HAVE_STRINGS_H 1
| #define HAVE_INTTYPES_H 1
| #define HAVE_STDINT_H 1
| #define HAVE_UNISTD_H 1
| #define HAVE_DLFCN_H 1
| /* end confdefs.h.  */
| #include <ac_nonexistent.h>
configure:8104: checking for objdir
configure:8119: result: .libs
configure:8411: checking if gcc supports -fno-rtti -fno-exceptions
configure:8429: gcc -c -g -O2  -fno-rtti -fno-exceptions conftest.c >&5
cc1: warning: command line option "-fno-rtti" is valid for C++/ObjC++ but not for C
configure:8433: $? = 0
configure:8446: result: no
configure:8466: checking for gcc option to produce PIC
configure:8738: result: -fPIC -DPIC
configure:8750: checking if gcc PIC flag -fPIC -DPIC works
configure:8768: gcc -c -g -O2  -fPIC -DPIC -DPIC conftest.c >&5
configure:8772: $? = 0
configure:8785: result: yes
configure:8809: checking if gcc static flag -static works
configure:8837: result: no
configure:8852: checking if gcc supports -c -o file.o
configure:8873: gcc -c -g -O2  -o out/conftest2.o conftest.c >&5
configure:8877: $? = 0
configure:8899: result: yes
configure:8907: checking if gcc supports -c -o file.o
configure:8954: result: yes
configure:8987: checking whether the gcc linker (/usr/bin/ld -m elf_x86_64) supports shared libraries
configure:9973: result: yes
configure:10010: checking whether -lc should be explicitly linked in
configure:10015: gcc -c -g -O2  conftest.c >&5
configure:10018: $? = 0
configure:10033: gcc -shared conftest.o  -v -Wl,-soname -Wl,conftest -o conftest 2\>\&1 \| /bin/grep  -lc  \>/dev/null 2\>\&1
configure:10036: $? = 0
configure:10048: result: no
configure:10212: checking dynamic linker characteristics
configure:10645: gcc -o conftest -g -O2   -Wl,-rpath -Wl,/foo conftest.c  >&5
configure:10645: $? = 0
configure:10866: result: GNU/Linux ld.so
configure:10968: checking how to hardcode library paths into programs
configure:10993: result: immediate
configure:11513: checking whether stripping libraries is possible
configure:11518: result: yes
configure:11553: checking if libtool supports shared libraries
configure:11555: result: yes
configure:11558: checking whether to build shared libraries
configure:11579: result: yes
configure:11582: checking whether to build static libraries
configure:11586: result: yes
configure:11736: checking for ld used by g++
configure:11803: result: /usr/bin/ld -m elf_x86_64
configure:11810: checking if the linker (/usr/bin/ld -m elf_x86_64) is GNU ld
configure:11825: result: yes
configure:11880: checking whether the g++ linker (/usr/bin/ld -m elf_x86_64) supports shared libraries
configure:12793: result: yes
configure:12821: g++ -c -g -O2  conftest.cpp >&5
configure:12824: $? = 0
configure:13006: checking for g++ option to produce PIC
configure:13323: result: -fPIC -DPIC
configure:13332: checking if g++ PIC flag -fPIC -DPIC works
configure:13350: g++ -c -g -O2  -fPIC -DPIC -DPIC conftest.cpp >&5
configure:13354: $? = 0
configure:13367: result: yes
configure:13388: checking if g++ static flag -static works
configure:13416: result: no
configure:13428: checking if g++ supports -c -o file.o
configure:13449: g++ -c -g -O2  -o out/conftest2.o conftest.cpp >&5
configure:13453: $? = 0
configure:13475: result: yes
configure:13480: checking if g++ supports -c -o file.o
configure:13527: result: yes
configure:13557: checking whether the g++ linker (/usr/bin/ld -m elf_x86_64) supports shared libraries
configure:13583: result: yes
configure:13720: checking dynamic linker characteristics
configure:14101: g++ -o conftest -g -O2   -Wl,-rpath -Wl,/foo conftest.cpp  >&5
configure:14101: $? = 0
configure:14322: result: GNU/Linux ld.so
configure:14373: checking how to hardcode library paths into programs
configure:14398: result: immediate
configure:14457: checking whether make sets $(MAKE)
configure:14479: result: yes
configure:14494: checking for stdbool.h that conforms to C99
configure:14561: gcc -c -g -O2  conftest.c >&5
configure:14561: $? = 0
configure:14568: result: yes
configure:14570: checking for _Bool
configure:14570: gcc -c -g -O2  conftest.c >&5
configure:14570: $? = 0
configure:14570: gcc -c -g -O2  conftest.c >&5
conftest.c: In function 'main':
conftest.c:59: error: expected expression before ')' token
configure:14570: $? = 1
configure: failed program was:
| /* confdefs.h */
| #define PACKAGE_NAME "eagle"
| #define PACKAGE_TARNAME "eagle"
| #define PACKAGE_VERSION "1.0"
| #define PACKAGE_STRING "eagle 1.0"
| #define PACKAGE_BUGREPORT "228268157@qq.com"
| #define PACKAGE_URL ""
| #define PACKAGE "eagle"
| #define VERSION "1.0-beta"
| #define STDC_HEADERS 1
| #define HAVE_SYS_TYPES_H 1
| #define HAVE_SYS_STAT_H 1
| #define HAVE_STDLIB_H 1
| #define HAVE_STRING_H 1
| #define HAVE_MEMORY_H 1
| #define HAVE_STRINGS_H 1
| #define HAVE_INTTYPES_H 1
| #define HAVE_STDINT_H 1
| #define HAVE_UNISTD_H 1
| #define HAVE_DLFCN_H 1
| #define LT_OBJDIR ".libs/"
| /* end confdefs.h.  */
| #include <stdio.h>
| #ifdef HAVE_SYS_TYPES_H
| # include <sys/types.h>
| #endif
| #ifdef HAVE_SYS_STAT_H
| # include <sys/stat.h>
| #endif
| #ifdef STDC_HEADERS
| # include <stdlib.h>
| # include <stddef.h>
| #else
| # ifdef HAVE_STDLIB_H
| #  include <stdlib.h>
| # endif
| #endif
| #ifdef HAVE_STRING_H
| # if !defined STDC_HEADERS && defined HAVE_MEMORY_H
| #  include <memory.h>
| # endif
| # include <string.h>
| #endif
| #ifdef HAVE_STRINGS_H
| # include <strings.h>
| #endif
| #ifdef HAVE_INTTYPES_H
| # include <inttypes.h>
| #endif
| #ifdef HAVE_STDINT_H
| # include <stdint.h>
| #endif
| #ifdef HAVE_UNISTD_H
| # include <unistd.h>
| #endif
| int
| main ()
| {
| if (sizeof ((_Bool)))
| 	    return 0;
|   ;
|   return 0;
| }
configure:14570: result: yes
configure:14587: checking for inline
configure:14603: gcc -c -g -O2  conftest.c >&5
configure:14603: $? = 0
configure:14611: result: inline
configure:14633: checking for stdlib.h
configure:14633: result: yes
configure:14643: checking for GNU libc compatible malloc
configure:14667: gcc -o conftest -g -O2   conftest.c  >&5
configure:14667: $? = 0
configure:14667: ./conftest
configure:14667: $? = 0
configure:14677: result: yes
configure:14701: checking for memset
configure:14701: gcc -o conftest -g -O2   conftest.c  >&5
conftest.c:50: warning: conflicting types for built-in function 'memset'
configure:14701: $? = 0
configure:14701: result: yes
configure:14701: checking for strcasecmp
configure:14701: gcc -o conftest -g -O2   conftest.c  >&5
conftest.c:51: warning: conflicting types for built-in function 'strcasecmp'
configure:14701: $? = 0
configure:14701: result: yes
configure:14851: creating ./config.status

## ---------------------- ##
## Running config.status. ##
## ---------------------- ##

This file was extended by eagle config.status 1.0, which was
generated by GNU Autoconf 2.69.  Invocation command line was

  CONFIG_FILES    = 
  CONFIG_HEADERS  = 
  CONFIG_LINKS    = 
  CONFIG_COMMANDS = 
  $ ./config.status 

on 94ivan

config.status:1132: creating Makefile
config.status:1132: creating libsrc/Makefile
config.status:1132: creating test/Makefile
config.status:1132: creating libsrc/os/Makefile
config.status:1132: creating libsrc/util/Makefile
config.status:1132: creating libsrc/eagle/Makefile
config.status:1132: creating config.h
config.status:1313: config.h is unchanged
config.status:1361: executing depfiles commands
config.status:1361: executing libtool commands

## ---------------- ##
## Cache variables. ##
## ---------------- ##

ac_cv_build=x86_64-unknown-linux-gnu
ac_cv_c_compiler_gnu=yes
ac_cv_c_inline=inline
ac_cv_cxx_compiler_gnu=yes
ac_cv_env_CCC_set=
ac_cv_env_CCC_value=
ac_cv_env_CC_set=
ac_cv_env_CC_value=
ac_cv_env_CFLAGS_set=
ac_cv_env_CFLAGS_value=
ac_cv_env_CPPFLAGS_set=
ac_cv_env_CPPFLAGS_value=
ac_cv_env_CPP_set=
ac_cv_env_CPP_value=
ac_cv_env_CXXCPP_set=
ac_cv_env_CXXCPP_value=
ac_cv_env_CXXFLAGS_set=
ac_cv_env_CXXFLAGS_value=
ac_cv_env_CXX_set=
ac_cv_env_CXX_value=
ac_cv_env_LDFLAGS_set=
ac_cv_env_LDFLAGS_value=
ac_cv_env_LIBS_set=
ac_cv_env_LIBS_value=
ac_cv_env_build_alias_set=
ac_cv_env_build_alias_value=
ac_cv_env_host_alias_set=
ac_cv_env_host_alias_value=
ac_cv_env_target_alias_set=
ac_cv_env_target_alias_value=
ac_cv_func_malloc_0_nonnull=yes
ac_cv_func_memset=yes
ac_cv_func_strcasecmp=yes
ac_cv_header_dlfcn_h=yes
ac_cv_header_inttypes_h=yes
ac_cv_header_memory_h=yes
ac_cv_header_stdbool_h=yes
ac_cv_header_stdc=yes
ac_cv_header_stdint_h=yes
ac_cv_header_stdlib_h=yes
ac_cv_header_string_h=yes
ac_cv_header_strings_h=yes
ac_cv_header_sys_stat_h=yes
ac_cv_header_sys_types_h=yes
ac_cv_header_unistd_h=yes
ac_cv_host=x86_64-unknown-linux-gnu
ac_cv_objext=o
ac_cv_path_EGREP='/bin/grep -E'
ac_cv_path_FGREP='/bin/grep -F'
ac_cv_path_GREP=/bin/grep
ac_cv_path_SED=/bin/sed
ac_cv_path_install='/usr/bin/install -c'
ac_cv_path_mkdir=/bin/mkdir
ac_cv_prog_AWK=gawk
ac_cv_prog_CPP='gcc -E'
ac_cv_prog_CXXCPP='g++ -E'
ac_cv_prog_ac_ct_AR=ar
ac_cv_prog_ac_ct_CC=gcc
ac_cv_prog_ac_ct_CXX=g++
ac_cv_prog_ac_ct_OBJDUMP=objdump
ac_cv_prog_ac_ct_RANLIB=ranlib
ac_cv_prog_ac_ct_STRIP=strip
ac_cv_prog_cc_c89=
ac_cv_prog_cc_g=yes
ac_cv_prog_cxx_g=yes
ac_cv_prog_make_make_set=yes
ac_cv_type__Bool=yes
am_cv_CC_dependencies_compiler_type=gcc3
am_cv_CXX_dependencies_compiler_type=gcc3
lt_cv_deplibs_check_method=pass_all
lt_cv_file_magic_cmd='$MAGIC_CMD'
lt_cv_file_magic_test_file=
lt_cv_ld_reload_flag=-r
lt_cv_nm_interface='BSD nm'
lt_cv_objdir=.libs
lt_cv_path_LD=/usr/bin/ld
lt_cv_path_LDCXX='/usr/bin/ld -m elf_x86_64'
lt_cv_path_NM='/usr/bin/nm -B'
lt_cv_prog_compiler_c_o=yes
lt_cv_prog_compiler_c_o_CXX=yes
lt_cv_prog_compiler_pic_works=yes
lt_cv_prog_compiler_pic_works_CXX=yes
lt_cv_prog_compiler_rtti_exceptions=no
lt_cv_prog_compiler_static_works=no
lt_cv_prog_compiler_static_works_CXX=no
lt_cv_prog_gnu_ld=yes
lt_cv_prog_gnu_ldcxx=yes
lt_cv_sys_global_symbol_pipe='sed -n -e '\''s/^.*[	 ]\([ABCDGIRSTW][ABCDGIRSTW]*\)[	 ][	 ]*\([_A-Za-z][_A-Za-z0-9]*\)$/\1 \2 \2/p'\'''
lt_cv_sys_global_symbol_to_c_name_address='sed -n -e '\''s/^: \([^ ]*\) $/  {\"\1\", (void *) 0},/p'\'' -e '\''s/^[ABCDGIRSTW]* \([^ ]*\) \([^ ]*\)$/  {"\2", (void *) \&\2},/p'\'''
lt_cv_sys_global_symbol_to_c_name_address_lib_prefix='sed -n -e '\''s/^: \([^ ]*\) $/  {\"\1\", (void *) 0},/p'\'' -e '\''s/^[ABCDGIRSTW]* \([^ ]*\) \(lib[^ ]*\)$/  {"\2", (void *) \&\2},/p'\'' -e '\''s/^[ABCDGIRSTW]* \([^ ]*\) \([^ ]*\)$/  {"lib\2", (void *) \&\2},/p'\'''
lt_cv_sys_global_symbol_to_cdecl='sed -n -e '\''s/^T .* \(.*\)$/extern int \1();/p'\'' -e '\''s/^[ABCDGIRSTW]* .* \(.*\)$/extern char \1;/p'\'''
lt_cv_sys_max_cmd_len=1966080

## ----------------- ##
## Output variables. ##
## ----------------- ##

ACLOCAL='${SHELL} /home/ivan/code/eagle/missing --run aclocal-1.11'
AMDEPBACKSLASH='\'
AMDEP_FALSE='#'
AMDEP_TRUE=''
AMTAR='${SHELL} /home/ivan/code/eagle/missing --run tar'
AR='ar'
AUTOCONF='${SHELL} /home/ivan/code/eagle/missing --run autoconf'
AUTOHEADER='${SHELL} /home/ivan/code/eagle/missing --run autoheader'
AUTOMAKE='${SHELL} /home/ivan/code/eagle/missing --run automake-1.11'
AWK='gawk'
CC='gcc'
CCDEPMODE='depmode=gcc3'
CFLAGS='-g -O2'
CPP='gcc -E'
CPPFLAGS=''
CXX='g++'
CXXCPP='g++ -E'
CXXDEPMODE='depmode=gcc3'
CXXFLAGS='-g -O2'
CYGPATH_W='echo'
DEFS='-DHAVE_CONFIG_H'
DEPDIR='.deps'
DSYMUTIL=''
DUMPBIN=''
ECHO_C=''
ECHO_N='-n'
ECHO_T=''
EGREP='/bin/grep -E'
EXEEXT=''
FGREP='/bin/grep -F'
GREP='/bin/grep'
INSTALL_DATA='${INSTALL} -m 644'
INSTALL_PROGRAM='${INSTALL}'
INSTALL_SCRIPT='${INSTALL}'
INSTALL_STRIP_PROGRAM='$(install_sh) -c -s'
LD='/usr/bin/ld -m elf_x86_64'
LDFLAGS=''
LIBOBJS=''
LIBS=''
LIBTOOL='$(SHELL) $(top_builddir)/libtool'
LIPO=''
LN_S='ln -s'
LTLIBOBJS=''
MAKEINFO='${SHELL} /home/ivan/code/eagle/missing --run makeinfo'
MKDIR_P='/bin/mkdir -p'
NM='/usr/bin/nm -B'
NMEDIT=''
OBJDUMP='objdump'
OBJEXT='o'
OTOOL64=''
OTOOL=''
PACKAGE='eagle'
PACKAGE_BUGREPORT='228268157@qq.com'
PACKAGE_NAME='eagle'
PACKAGE_STRING='eagle 1.0'
PACKAGE_TARNAME='eagle'
PACKAGE_URL=''
PACKAGE_VERSION='1.0'
PATH_SEPARATOR=':'
RANLIB='ranlib'
SED='/bin/sed'
SET_MAKE=''
SHELL='/bin/sh'
STRIP='strip'
VERSION='1.0-beta'
ac_ct_CC='gcc'
ac_ct_CXX='g++'
ac_ct_DUMPBIN=''
am__EXEEXT_FALSE=''
am__EXEEXT_TRUE='#'
am__fastdepCC_FALSE='#'
am__fastdepCC_TRUE=''
am__fastdepCXX_FALSE='#'
am__fastdepCXX_TRUE=''
am__include='include'
am__isrc=''
am__leading_dot='.'
am__quote=''
am__tar='${AMTAR} chof - "$$tardir"'
am__untar='${AMTAR} xf -'
bindir='${exec_prefix}/bin'
build='x86_64-unknown-linux-gnu'
build_alias=''
build_cpu='x86_64'
build_os='linux-gnu'
build_vendor='unknown'
datadir='${datarootdir}'
datarootdir='${prefix}/share'
docdir='${datarootdir}/doc/${PACKAGE_TARNAME}'
dvidir='${docdir}'
exec_prefix='${prefix}'
host='x86_64-unknown-linux-gnu'
host_alias=''
host_cpu='x86_64'
host_os='linux-gnu'
host_vendor='unknown'
htmldir='${docdir}'
includedir='${prefix}/include'
infodir='${datarootdir}/info'
install_sh='${SHELL} /home/ivan/code/eagle/install-sh'
libdir='${exec_prefix}/lib'
libexecdir='${exec_prefix}/libexec'
localedir='${datarootdir}/locale'
localstatedir='${prefix}/var'
lt_ECHO='echo'
mandir='${datarootdir}/man'
mkdir_p='/bin/mkdir -p'
oldincludedir='/usr/include'
pdfdir='${docdir}'
prefix='/usr/local'
program_transform_name='s,x,x,'
psdir='${docdir}'
sbindir='${exec_prefix}/sbin'
sharedstatedir='${prefix}/com'
sysconfdir='${prefix}/etc'
target_alias=''

## ----------- ##
## confdefs.h. ##
## ----------- ##

/* confdefs.h */
#define PACKAGE_NAME "eagle"
#define PACKAGE_TARNAME "eagle"
#define PACKAGE_VERSION "1.0"
#define PACKAGE_STRING "eagle 1.0"
#define PACKAGE_BUGREPORT "228268157@qq.com"
#define PACKAGE_URL ""
#define PACKAGE "eagle"
#define VERSION "1.0-beta"
#define STDC_HEADERS 1
#define HAVE_SYS_TYPES_H 1
#define HAVE_SYS_STAT_H 1
#define HAVE_STDLIB_H 1
#define HAVE_STRING_H 1
#define HAVE_MEMORY_H 1
#define HAVE_STRINGS_H 1
#define HAVE_INTTYPES_H 1
#define HAVE_STDINT_H 1
#define HAVE_UNISTD_H 1
#define HAVE_DLFCN_H 1
#define LT_OBJDIR ".libs/"
#define HAVE__BOOL 1
#define HAVE_STDBOOL_H 1
#define HAVE_STDLIB_H 1
#define HAVE_MALLOC 1
#define HAVE_MEMSET 1
#define HAVE_STRCASECMP 1

configure: exit 0

## ---------------------- ##
## Running config.status. ##
## ---------------------- ##

This file was extended by eagle config.status 1.0, which was
generated by GNU Autoconf 2.69.  Invocation command line was

  CONFIG_FILES    = 
  CONFIG_HEADERS  = 
  CONFIG_LINKS    = 
  CONFIG_COMMANDS = 
  $ ./config.status libsrc/Makefile depfiles

on 94ivan

config.status:1132: creating libsrc/Makefile
config.status:1361: executing depfiles commands

## ---------------------- ##
## Running config.status. ##
## ---------------------- ##

This file was extended by eagle config.status 1.0, which was
generated by GNU Autoconf 2.69.  Invocation command line was

  CONFIG_FILES    = 
  CONFIG_HEADERS  = 
  CONFIG_LINKS    = 
  CONFIG_COMMANDS = 
  $ ./config.status libsrc/eagle/Makefile depfiles

on 94ivan

config.status:1132: creating libsrc/eagle/Makefile
config.status:1361: executing depfiles commands

## ---------------------- ##
## Running config.status. ##
## ---------------------- ##

This file was extended by eagle config.status 1.0, which was
generated by GNU Autoconf 2.69.  Invocation command line was

  CONFIG_FILES    = 
  CONFIG_HEADERS  = 
  CONFIG_LINKS    = 
  CONFIG_COMMANDS = 
  $ ./config.status libsrc/eagle/Makefile

on 94ivan

config.status:1132: creating libsrc/eagle/Makefile

## ---------------------- ##
## Running config.status. ##
## ---------------------- ##

This file was extended by eagle config.status 1.0, which was
generated by GNU Autoconf 2.69.  Invocation command line was

  CONFIG_FILES    = 
  CONFIG_HEADERS  = 
  CONFIG_LINKS    = 
  CONFIG_COMMANDS = 
  $ ./config.status libsrc/eagle/Makefile depfiles

on 94ivan

config.status:1132: creating libsrc/eagle/Makefile
config.status:1361: executing depfiles commands

## ---------------------- ##
## Running config.status. ##
## ---------------------- ##

This file was extended by eagle config.status 1.0, which was
generated by GNU Autoconf 2.69.  Invocation command line was

  CONFIG_FILES    = 
  CONFIG_HEADERS  = 
  CONFIG_LINKS    = 
  CONFIG_COMMANDS = 
  $ ./config.status test/Makefile depfiles

on 94ivan

config.status:1132: creating test/Makefile
config.status:1361: executing depfiles commands

## ---------------------- ##
## Running config.status. ##
## ---------------------- ##

This file was extended by eagle config.status 1.0, which was
generated by GNU Autoconf 2.69.  Invocation command line was

  CONFIG_FILES    = 
  CONFIG_HEADERS  = 
  CONFIG_LINKS    = 
  CONFIG_COMMANDS = 
  $ ./config.status libsrc/os/Makefile depfiles

on 94ivan

config.status:1132: creating libsrc/os/Makefile
config.status:1361: executing depfiles commands

## ---------------------- ##
## Running config.status. ##
## ---------------------- ##

This file was extended by eagle config.status 1.0, which was
generated by GNU Autoconf 2.69.  Invocation command line was

  CONFIG_FILES    = 
  CONFIG_HEADERS  = 
  CONFIG_LINKS    = 
  CONFIG_COMMANDS = 
  $ ./config.status libsrc/os/Makefile depfiles

on 94ivan

config.status:1132: creating libsrc/os/Makefile
config.status:1361: executing depfiles commands

## ---------------------- ##
## Running config.status. ##
## ---------------------- ##

This file was extended by eagle config.status 1.0, which was
generated by GNU Autoconf 2.69.  Invocation command line was

  CONFIG_FILES    = 
  CONFIG_HEADERS  = 
  CONFIG_LINKS    = 
  CONFIG_COMMANDS = 
  $ ./config.status libsrc/util/Makefile depfiles

on 94ivan

config.status:1132: creating libsrc/util/Makefile
config.status:1361: executing depfiles commands

## ---------------------- ##
## Running config.status. ##
## ---------------------- ##

This file was extended by eagle config.status 1.0, which was
generated by GNU Autoconf 2.69.  Invocation command line was

  CONFIG_FILES    = 
  CONFIG_HEADERS  = 
  CONFIG_LINKS    = 
  CONFIG_COMMANDS = 
  $ ./config.status libsrc/eagle/Makefile depfiles

on 94ivan

config.status:1132: creating libsrc/eagle/Makefile
config.status:1361: executing depfiles commands

## ---------------------- ##
## Running config.status. ##
## ---------------------- ##

This file was extended by eagle config.status 1.0, which was
generated by GNU Autoconf 2.69.  Invocation command line was

  CONFIG_FILES    = 
  CONFIG_HEADERS  = 
  CONFIG_LINKS    = 
  CONFIG_COMMANDS = 
  $ ./config.status libsrc/os/Makefile depfiles

on 94ivan

config.status:1132: creating libsrc/os/Makefile
config.status:1361: executing depfiles commands

## ---------------------- ##
## Running config.status. ##
## ---------------------- ##

This file was extended by eagle config.status 1.0, which was
generated by GNU Autoconf 2.69.  Invocation command line was

  CONFIG_FILES    = 
  CONFIG_HEADERS  = 
  CONFIG_LINKS    = 
  CONFIG_COMMANDS = 
  $ ./config.status test/Makefile depfiles

on 94ivan

config.status:1132: creating test/Makefile
config.status:1361: executing depfiles commands

## ---------------------- ##
## Running config.status. ##
## ---------------------- ##

This file was extended by eagle config.status 1.0, which was
generated by GNU Autoconf 2.69.  Invocation command line was

  CONFIG_FILES    = 
  CONFIG_HEADERS  = 
  CONFIG_LINKS    = 
  CONFIG_COMMANDS = 
  $ ./config.status libsrc/os/Makefile depfiles

on 94ivan

config.status:1132: creating libsrc/os/Makefile
config.status:1361: executing depfiles commands

## ---------------------- ##
## Running config.status. ##
## ---------------------- ##

This file was extended by eagle config.status 1.0, which was
generated by GNU Autoconf 2.69.  Invocation command line was

  CONFIG_FILES    = 
  CONFIG_HEADERS  = 
  CONFIG_LINKS    = 
  CONFIG_COMMANDS = 
  $ ./config.status test/Makefile depfiles

on 94ivan

config.status:1132: creating test/Makefile
config.status:1361: executing depfiles commands

## ---------------------- ##
## Running config.status. ##
## ---------------------- ##

This file was extended by eagle config.status 1.0, which was
generated by GNU Autoconf 2.69.  Invocation command line was

  CONFIG_FILES    = 
  CONFIG_HEADERS  = 
  CONFIG_LINKS    = 
  CONFIG_COMMANDS = 
  $ ./config.status test/Makefile depfiles

on 94ivan

config.status:1132: creating test/Makefile
config.status:1361: executing depfiles commands
